<?xml version="1.0" encoding="utf-8"?><testsuites><testsuite name="pytest" errors="0" failures="0" skipped="0" tests="7" time="0.146" timestamp="2022-10-17T11:53:47.663913" hostname="alessio-Latitude-7420"><testcase classname="tests.test_davies.TestDaviesMethod" name="test_huge_values" time="0.096" /><testcase classname="tests.test_davies.TestDaviesMethod" name="test_invalid_arguments" time="0.001" /><testcase classname="tests.test_davies.TestDaviesMethod" name="test_multiple_values" time="0.003" /><testcase classname="tests.test_davies.TestDaviesMethod" name="test_returns" time="0.001" /><testcase classname="tests.test_davies.TestDaviesMethod" name="test_value_chi_one" time="0.003" /><testcase classname="tests.test_davies.TestDaviesMethod" name="test_value_chi_two" time="0.001" /><testcase classname="tests.test_davies.TestDaviesMethod" name="test_value_normal" time="0.001" /></testsuite></testsuites>